This file contains any messages produced by compilers while
running configure, to aid debugging if configure makes a mistake.

It was created by libmodbus configure 3.1.4, which was
generated by GNU Autoconf 2.69.  Invocation command line was

  $ ./configure 

## --------- ##
## Platform. ##
## --------- ##

hostname = 3wj20180630033
uname -m = x86_64
uname -r = 2.10.0(0.325/5/3)
uname -s = CYGWIN_NT-10.0
uname -v = 2018-02-02 15:16

/usr/bin/uname -p = unknown
/bin/uname -X     = unknown

/bin/arch              = x86_64
/usr/bin/arch -k       = unknown
/usr/convex/getsysinfo = unknown
/usr/bin/hostinfo      = unknown
/bin/machine           = unknown
/usr/bin/oslevel       = unknown
/bin/universe          = unknown

PATH: /usr/local/bin
PATH: /usr/bin
PATH: /cygdrive/d/Python27
PATH: /cygdrive/d/Python27/Scripts
PATH: /cygdrive/c/Program Files (x86)/Common Files/Oracle/Java/javapath
PATH: /cygdrive/c/Program Files (x86)/Intel/iCLS Client
PATH: /cygdrive/c/Program Files/Intel/iCLS Client
PATH: /cygdrive/c/WINDOWS/system32
PATH: /cygdrive/c/WINDOWS
PATH: /cygdrive/c/WINDOWS/System32/Wbem
PATH: /cygdrive/c/WINDOWS/System32/WindowsPowerShell/v1.0
PATH: /cygdrive/c/Program Files (x86)/Intel/Intel(R) Management Engine Components/DAL
PATH: /cygdrive/c/Program Files/Intel/Intel(R) Management Engine Components/DAL
PATH: /cygdrive/c/Program Files (x86)/Intel/Intel(R) Management Engine Components/IPT
PATH: /cygdrive/c/Program Files/Intel/Intel(R) Management Engine Components/IPT
PATH: /cygdrive/d/Subversion/bin
PATH: /cygdrive/d/TortoiseSVN/bin
PATH: /cygdrive/c/Program Files (x86)/Windows Kits/8.1/Windows Performance Toolkit
PATH: /cygdrive/c/Program Files/Microsoft SQL Server/120/Tools/Binn
PATH: /cygdrive/d/Qt/Qt5.8.0/5.8/msvc2015/bin
PATH: /cygdrive/d/Qt/Qt5.8.0/5.8/msvc2015
PATH: /cygdrive/c/WINDOWS/System32/OpenSSH
PATH: /cygdrive/d/Git/bin
PATH: /cygdrive/d/nodejs
PATH: /cygdrive/d/Python27/Scripts
PATH: /cygdrive/d/Python27
PATH: /cygdrive/c/MinGW/bin
PATH: /cygdrive/d/Go1.10.3/bin
PATH: /cygdrive/c/Program Files/Microsoft/Web Platform Installer
PATH: /cygdrive/c/Users/lianggh/AppData/Local/Programs/Python/Python37/Scripts
PATH: /cygdrive/c/Users/lianggh/AppData/Local/Programs/Python/Python37
PATH: /cygdrive/c/Users/lianggh/AppData/Local/Microsoft/WindowsApps
PATH: /cygdrive/c/Users/lianggh/AppData/Roaming/npm
PATH: /cygdrive/c/MinGW/bin
PATH: /cygdrive/d/go/bin


## ----------- ##
## Core tests. ##
## ----------- ##

configure:2649: checking for a BSD-compatible install
configure:2717: result: /usr/bin/install -c
configure:2728: checking whether build environment is sane
configure:2783: result: yes
configure:2934: checking for a thread-safe mkdir -p
configure:2973: result: /usr/bin/mkdir -p
configure:2980: checking for gawk
configure:2996: found /usr/bin/gawk
configure:3007: result: gawk
configure:3018: checking whether make sets $(MAKE)
configure:3040: result: yes
configure:3069: checking whether make supports nested variables
configure:3086: result: yes
configure:3165: checking how to create a pax tar archive
configure:3176: tar --version
tar (GNU tar) 1.29
Packaged by Cygwin (1.29-1)
Copyright (C) 2015 Free Software Foundation, Inc.
License GPLv3+: GNU GPL version 3 or later <http://gnu.org/licenses/gpl.html>.
This is free software: you are free to change and redistribute it.
There is NO WARRANTY, to the extent permitted by law.

Written by John Gilmore and Jay Fenlason.
configure:3179: $? = 0
configure:3219: tardir=conftest.dir && eval tar --format=posix -chf - "$tardir" >conftest.tar
configure:3222: $? = 0
configure:3226: tar -xf - <conftest.tar
configure:3229: $? = 0
configure:3231: cat conftest.dir/file
GrepMe
configure:3234: $? = 0
configure:3247: result: gnutar
configure:3309: checking for style of include used by make
configure:3337: result: GNU
configure:3408: checking for gcc
configure:3424: found /usr/bin/gcc
configure:3435: result: gcc
configure:3664: checking for C compiler version
configure:3673: gcc --version >&5
gcc (GCC) 7.3.0
Copyright (C) 2017 Free Software Foundation, Inc.
This is free software; see the source for copying conditions.  There is NO
warranty; not even for MERCHANTABILITY or FITNESS FOR A PARTICULAR PURPOSE.

configure:3684: $? = 0
configure:3673: gcc -v >&5
Using built-in specs.
COLLECT_GCC=gcc
COLLECT_LTO_WRAPPER=/usr/lib/gcc/x86_64-pc-cygwin/7.3.0/lto-wrapper.exe
Target: x86_64-pc-cygwin
Configured with: /cygdrive/i/szsz/tmpp/gcc/gcc-7.3.0-3.x86_64/src/gcc-7.3.0/configure --srcdir=/cygdrive/i/szsz/tmpp/gcc/gcc-7.3.0-3.x86_64/src/gcc-7.3.0 --prefix=/usr --exec-prefix=/usr --localstatedir=/var --sysconfdir=/etc --docdir=/usr/share/doc/gcc --htmldir=/usr/share/doc/gcc/html -C --build=x86_64-pc-cygwin --host=x86_64-pc-cygwin --target=x86_64-pc-cygwin --without-libiconv-prefix --without-libintl-prefix --libexecdir=/usr/lib --enable-shared --enable-shared-libgcc --enable-static --enable-version-specific-runtime-libs --enable-bootstrap --enable-__cxa_atexit --with-dwarf2 --with-tune=generic --enable-languages=ada,c,c++,fortran,lto,objc,obj-c++ --enable-graphite --enable-threads=posix --enable-libatomic --enable-libcilkrts --enable-libgomp --enable-libitm --enable-libquadmath --enable-libquadmath-support --disable-libssp --enable-libada --disable-symvers --with-gnu-ld --with-gnu-as --with-cloog-include=/usr/include/cloog-isl --without-libiconv-prefix --without-libintl-prefix --with-system-zlib --enable-linker-build-id --with-default-libstdcxx-abi=gcc4-compatible --enable-libstdcxx-filesystem-ts
Thread model: posix
gcc version 7.3.0 (GCC) 
configure:3684: $? = 0
configure:3673: gcc -V >&5
gcc: error: unrecognized command line option '-V'
gcc: fatal error: no input files
compilation terminated.
configure:3684: $? = 1
configure:3673: gcc -qversion >&5
gcc: error: unrecognized command line option '-qversion'; did you mean '--version'?
gcc: fatal error: no input files
compilation terminated.
configure:3684: $? = 1
configure:3704: checking whether the C compiler works
configure:3726: gcc    conftest.c  >&5
configure:3730: $? = 0
configure:3778: result: yes
configure:3781: checking for C compiler default output file name
configure:3783: result: a.exe
configure:3789: checking for suffix of executables
configure:3796: gcc -o conftest.exe    conftest.c  >&5
configure:3800: $? = 0
configure:3822: result: .exe
configure:3844: checking whether we are cross compiling
configure:3852: gcc -o conftest.exe    conftest.c  >&5
configure:3856: $? = 0
configure:3863: ./conftest.exe
configure:3867: $? = 0
configure:3882: result: no
configure:3887: checking for suffix of object files
configure:3909: gcc -c   conftest.c >&5
configure:3913: $? = 0
configure:3934: result: o
configure:3938: checking whether we are using the GNU C compiler
configure:3957: gcc -c   conftest.c >&5
configure:3957: $? = 0
configure:3966: result: yes
configure:3975: checking whether gcc accepts -g
configure:3995: gcc -c -g  conftest.c >&5
configure:3995: $? = 0
configure:4036: result: yes
configure:4053: checking for gcc option to accept ISO C89
configure:4116: gcc  -c -g -O2  conftest.c >&5
configure:4116: $? = 0
configure:4129: result: none needed
configure:4154: checking whether gcc understands -c and -o together
configure:4176: gcc -c conftest.c -o conftest2.o
configure:4179: $? = 0
configure:4176: gcc -c conftest.c -o conftest2.o
configure:4179: $? = 0
configure:4191: result: yes
configure:4210: checking dependency style of gcc
configure:4321: result: gcc3
configure:4340: checking for gcc option to accept ISO C99
configure:4489: gcc  -c -g -O2  conftest.c >&5
configure:4489: $? = 0
configure:4502: result: none needed
configure:4610: checking for gcc option to accept ISO Standard C
configure:4621: result: none needed
configure:4634: checking how to run the C preprocessor
configure:4665: gcc -E  conftest.c
configure:4665: $? = 0
configure:4679: gcc -E  conftest.c
conftest.c:11:10: fatal error: ac_nonexistent.h: No such file or directory
 #include <ac_nonexistent.h>
          ^~~~~~~~~~~~~~~~~~
compilation terminated.
configure:4679: $? = 1
configure: failed program was:
| /* confdefs.h */
| #define PACKAGE_NAME "libmodbus"
| #define PACKAGE_TARNAME "libmodbus"
| #define PACKAGE_VERSION "3.1.4"
| #define PACKAGE_STRING "libmodbus 3.1.4"
| #define PACKAGE_BUGREPORT "https://github.com/stephane/libmodbus/issues"
| #define PACKAGE_URL "http://libmodbus.org/"
| #define PACKAGE "libmodbus"
| #define VERSION "3.1.4"
| /* end confdefs.h.  */
| #include <ac_nonexistent.h>
configure:4704: result: gcc -E
configure:4724: gcc -E  conftest.c
configure:4724: $? = 0
configure:4738: gcc -E  conftest.c
conftest.c:11:10: fatal error: ac_nonexistent.h: No such file or directory
 #include <ac_nonexistent.h>
          ^~~~~~~~~~~~~~~~~~
compilation terminated.
configure:4738: $? = 1
configure: failed program was:
| /* confdefs.h */
| #define PACKAGE_NAME "libmodbus"
| #define PACKAGE_TARNAME "libmodbus"
| #define PACKAGE_VERSION "3.1.4"
| #define PACKAGE_STRING "libmodbus 3.1.4"
| #define PACKAGE_BUGREPORT "https://github.com/stephane/libmodbus/issues"
| #define PACKAGE_URL "http://libmodbus.org/"
| #define PACKAGE "libmodbus"
| #define VERSION "3.1.4"
| /* end confdefs.h.  */
| #include <ac_nonexistent.h>
configure:4767: checking for grep that handles long lines and -e
configure:4825: result: /usr/bin/grep
configure:4830: checking for egrep
configure:4892: result: /usr/bin/grep -E
configure:4897: checking for ANSI C header files
configure:4917: gcc -c -g -O2  conftest.c >&5
configure:4917: $? = 0
configure:4990: gcc -o conftest.exe -g -O2   conftest.c  >&5
configure:4990: $? = 0
configure:4990: ./conftest.exe
configure:4990: $? = 0
configure:5001: result: yes
configure:5014: checking for sys/types.h
configure:5014: gcc -c -g -O2  conftest.c >&5
configure:5014: $? = 0
configure:5014: result: yes
configure:5014: checking for sys/stat.h
configure:5014: gcc -c -g -O2  conftest.c >&5
configure:5014: $? = 0
configure:5014: result: yes
configure:5014: checking for stdlib.h
configure:5014: gcc -c -g -O2  conftest.c >&5
configure:5014: $? = 0
configure:5014: result: yes
configure:5014: checking for string.h
configure:5014: gcc -c -g -O2  conftest.c >&5
configure:5014: $? = 0
configure:5014: result: yes
configure:5014: checking for memory.h
configure:5014: gcc -c -g -O2  conftest.c >&5
configure:5014: $? = 0
configure:5014: result: yes
configure:5014: checking for strings.h
configure:5014: gcc -c -g -O2  conftest.c >&5
configure:5014: $? = 0
configure:5014: result: yes
configure:5014: checking for inttypes.h
configure:5014: gcc -c -g -O2  conftest.c >&5
configure:5014: $? = 0
configure:5014: result: yes
configure:5014: checking for stdint.h
configure:5014: gcc -c -g -O2  conftest.c >&5
configure:5014: $? = 0
configure:5014: result: yes
configure:5014: checking for unistd.h
configure:5014: gcc -c -g -O2  conftest.c >&5
configure:5014: $? = 0
configure:5014: result: yes
configure:5027: checking minix/config.h usability
configure:5027: gcc -c -g -O2  conftest.c >&5
conftest.c:54:10: fatal error: minix/config.h: No such file or directory
 #include <minix/config.h>
          ^~~~~~~~~~~~~~~~
compilation terminated.
configure:5027: $? = 1
configure: failed program was:
| /* confdefs.h */
| #define PACKAGE_NAME "libmodbus"
| #define PACKAGE_TARNAME "libmodbus"
| #define PACKAGE_VERSION "3.1.4"
| #define PACKAGE_STRING "libmodbus 3.1.4"
| #define PACKAGE_BUGREPORT "https://github.com/stephane/libmodbus/issues"
| #define PACKAGE_URL "http://libmodbus.org/"
| #define PACKAGE "libmodbus"
| #define VERSION "3.1.4"
| #define STDC_HEADERS 1
| #define HAVE_SYS_TYPES_H 1
| #define HAVE_SYS_STAT_H 1
| #define HAVE_STDLIB_H 1
| #define HAVE_STRING_H 1
| #define HAVE_MEMORY_H 1
| #define HAVE_STRINGS_H 1
| #define HAVE_INTTYPES_H 1
| #define HAVE_STDINT_H 1
| #define HAVE_UNISTD_H 1
| /* end confdefs.h.  */
| #include <stdio.h>
| #ifdef HAVE_SYS_TYPES_H
| # include <sys/types.h>
| #endif
| #ifdef HAVE_SYS_STAT_H
| # include <sys/stat.h>
| #endif
| #ifdef STDC_HEADERS
| # include <stdlib.h>
| # include <stddef.h>
| #else
| # ifdef HAVE_STDLIB_H
| #  include <stdlib.h>
| # endif
| #endif
| #ifdef HAVE_STRING_H
| # if !defined STDC_HEADERS && defined HAVE_MEMORY_H
| #  include <memory.h>
| # endif
| # include <string.h>
| #endif
| #ifdef HAVE_STRINGS_H
| # include <strings.h>
| #endif
| #ifdef HAVE_INTTYPES_H
| # include <inttypes.h>
| #endif
| #ifdef HAVE_STDINT_H
| # include <stdint.h>
| #endif
| #ifdef HAVE_UNISTD_H
| # include <unistd.h>
| #endif
| #include <minix/config.h>
configure:5027: result: no
configure:5027: checking minix/config.h presence
configure:5027: gcc -E  conftest.c
conftest.c:21:10: fatal error: minix/config.h: No such file or directory
 #include <minix/config.h>
          ^~~~~~~~~~~~~~~~
compilation terminated.
configure:5027: $? = 1
configure: failed program was:
| /* confdefs.h */
| #define PACKAGE_NAME "libmodbus"
| #define PACKAGE_TARNAME "libmodbus"
| #define PACKAGE_VERSION "3.1.4"
| #define PACKAGE_STRING "libmodbus 3.1.4"
| #define PACKAGE_BUGREPORT "https://github.com/stephane/libmodbus/issues"
| #define PACKAGE_URL "http://libmodbus.org/"
| #define PACKAGE "libmodbus"
| #define VERSION "3.1.4"
| #define STDC_HEADERS 1
| #define HAVE_SYS_TYPES_H 1
| #define HAVE_SYS_STAT_H 1
| #define HAVE_STDLIB_H 1
| #define HAVE_STRING_H 1
| #define HAVE_MEMORY_H 1
| #define HAVE_STRINGS_H 1
| #define HAVE_INTTYPES_H 1
| #define HAVE_STDINT_H 1
| #define HAVE_UNISTD_H 1
| /* end confdefs.h.  */
| #include <minix/config.h>
configure:5027: result: no
configure:5027: checking for minix/config.h
configure:5027: result: no
configure:5048: checking whether it is safe to define __EXTENSIONS__
configure:5066: gcc -c -g -O2  conftest.c >&5
configure:5066: $? = 0
configure:5073: result: yes
configure:5094: checking for special C compiler options needed for large files
configure:5139: result: no
configure:5145: checking for _FILE_OFFSET_BITS value needed for large files
configure:5170: gcc -c -g -O2  conftest.c >&5
configure:5170: $? = 0
configure:5202: result: no
configure:5299: checking whether make supports nested variables
configure:5316: result: yes
configure:5349: checking build system type
configure:5363: result: x86_64-unknown-cygwin
configure:5383: checking host system type
configure:5396: result: x86_64-unknown-cygwin
configure:5495: checking how to print strings
configure:5522: result: printf
configure:5543: checking for a sed that does not truncate output
configure:5607: result: /usr/bin/sed
configure:5625: checking for fgrep
configure:5687: result: /usr/bin/grep -F
configure:5722: checking for ld used by gcc
configure:5789: result: /usr/x86_64-pc-cygwin/bin/ld.exe
configure:5796: checking if the linker (/usr/x86_64-pc-cygwin/bin/ld.exe) is GNU ld
configure:5811: result: yes
configure:5823: checking for BSD- or MS-compatible name lister (nm)
configure:5877: result: /usr/bin/nm -B
configure:6007: checking the name lister (/usr/bin/nm -B) interface
configure:6014: gcc -c -g -O2  conftest.c >&5
configure:6017: /usr/bin/nm -B "conftest.o"
configure:6020: output
0000000000000000 b .bss
0000000000000000 d .data
0000000000000000 N .debug_abbrev
0000000000000000 N .debug_aranges
0000000000000000 N .debug_info
0000000000000000 N .debug_line
0000000000000000 r .rdata$zzz
0000000000000000 t .text
0000000000000000 B some_variable
configure:6027: result: BSD nm
configure:6030: checking whether ln -s works
configure:6034: result: yes
configure:6042: checking the maximum length of command line arguments
configure:6173: result: 8192
configure:6221: checking how to convert x86_64-unknown-cygwin file names to x86_64-unknown-cygwin format
configure:6261: result: func_convert_file_noop
configure:6268: checking how to convert x86_64-unknown-cygwin file names to toolchain format
configure:6288: result: func_convert_file_noop
configure:6295: checking for /usr/x86_64-pc-cygwin/bin/ld.exe option to reload object files
configure:6302: result: -r
configure:6376: checking for objdump
configure:6392: found /usr/bin/objdump
configure:6403: result: objdump
configure:6432: checking how to recognize dependent libraries
configure:6632: result: file_magic ^x86 archive import|^x86 DLL
configure:6717: checking for dlltool
configure:6733: found /usr/bin/dlltool
configure:6744: result: dlltool
configure:6774: checking how to associate runtime and link libraries
configure:6801: result: func_cygming_dll_for_implib
configure:6861: checking for ar
configure:6877: found /usr/bin/ar
configure:6888: result: ar
configure:6925: checking for archiver @FILE support
configure:6942: gcc -c -g -O2  conftest.c >&5
configure:6942: $? = 0
configure:6945: ar cru libconftest.a @conftest.lst >&5
configure:6948: $? = 0
configure:6953: ar cru libconftest.a @conftest.lst >&5
ar: conftest.o: No such file or directory
configure:6956: $? = 1
configure:6968: result: @
configure:7026: checking for strip
configure:7042: found /usr/bin/strip
configure:7053: result: strip
configure:7125: checking for ranlib
configure:7141: found /usr/bin/ranlib
configure:7152: result: ranlib
configure:7254: checking command to parse /usr/bin/nm -B output from gcc object
configure:7407: gcc -c -g -O2  conftest.c >&5
configure:7410: $? = 0
configure:7414: /usr/bin/nm -B conftest.o \| sed -n -e 's/^.*[ ]\([ABCDGIRSTW][ABCDGIRSTW]*\)[ ][ ]*\([_A-Za-z][_A-Za-z0-9]*\)$/\1 \2 \2/p' | sed '/ __gnu_lto/d' \> conftest.nm
configure:7417: $? = 0
configure:7483: gcc -o conftest.exe -g -O2   conftest.c conftstm.o >&5
configure:7486: $? = 0
configure:7524: result: ok
configure:7571: checking for sysroot
configure:7601: result: no
configure:7608: checking for a working dd
configure:7646: result: /usr/bin/dd
configure:7650: checking how to truncate binary pipes
configure:7665: result: /usr/bin/dd bs=4096 count=1
configure:7994: checking for mt
configure:8024: result: no
configure:8044: checking if : is a manifest tool
configure:8050: : '-?'
configure:8058: result: no
configure:8732: checking for dlfcn.h
configure:8732: gcc -c -g -O2  conftest.c >&5
configure:8732: $? = 0
configure:8732: result: yes
configure:8824: checking for as
configure:8840: found /usr/bin/as
configure:8851: result: as
configure:8916: checking for dlltool
configure:8943: result: dlltool
configure:9008: checking for objdump
configure:9035: result: objdump
configure:9284: checking for objdir
configure:9299: result: .libs
configure:9563: checking if gcc supports -fno-rtti -fno-exceptions
configure:9581: gcc -c -g -O2  -fno-rtti -fno-exceptions conftest.c >&5
cc1: warning: command line option '-fno-rtti' is valid for C++/ObjC++ but not for C
configure:9585: $? = 0
configure:9598: result: no
configure:9956: checking for gcc option to produce PIC
configure:9963: result: -DDLL_EXPORT -DPIC
configure:9971: checking if gcc PIC flag -DDLL_EXPORT -DPIC works
configure:9989: gcc -c -g -O2  -DDLL_EXPORT -DPIC -DPIC conftest.c >&5
configure:9993: $? = 0
configure:10006: result: yes
configure:10035: checking if gcc static flag -static works
configure:10063: result: yes
configure:10078: checking if gcc supports -c -o file.o
configure:10099: gcc -c -g -O2  -o out/conftest2.o conftest.c >&5
configure:10103: $? = 0
configure:10125: result: yes
configure:10133: checking if gcc supports -c -o file.o
configure:10180: result: yes
configure:10213: checking whether the gcc linker (/usr/x86_64-pc-cygwin/bin/ld.exe) supports shared libraries
configure:11472: result: yes
configure:11509: checking whether -lc should be explicitly linked in
configure:11517: gcc -c -g -O2  conftest.c >&5
configure:11520: $? = 0
configure:11535: gcc -shared conftest.o  -v -o ./conftest -Wl,--enable-auto-image-base -Xlinker --out-implib -Xlinker conftest 2\>\&1 \| /usr/bin/grep  -lc  \>/dev/null 2\>\&1
configure:11538: $? = 1
configure:11552: result: yes
configure:11712: checking dynamic linker characteristics
configure:12530: result: Win32 ld.exe
configure:12652: checking how to hardcode library paths into programs
configure:12677: result: immediate
configure:13225: checking whether stripping libraries is possible
configure:13230: result: yes
configure:13265: checking if libtool supports shared libraries
configure:13267: result: yes
configure:13270: checking whether to build shared libraries
configure:13295: result: yes
configure:13298: checking whether to build static libraries
configure:13302: result: no
configure:13360: checking arpa/inet.h usability
configure:13360: gcc -c -g -O2  conftest.c >&5
configure:13360: $? = 0
configure:13360: result: yes
configure:13360: checking arpa/inet.h presence
configure:13360: gcc -E  conftest.c
configure:13360: $? = 0
configure:13360: result: yes
configure:13360: checking for arpa/inet.h
configure:13360: result: yes
configure:13360: checking byteswap.h usability
configure:13360: gcc -c -g -O2  conftest.c >&5
configure:13360: $? = 0
configure:13360: result: yes
configure:13360: checking byteswap.h presence
configure:13360: gcc -E  conftest.c
configure:13360: $? = 0
configure:13360: result: yes
configure:13360: checking for byteswap.h
configure:13360: result: yes
configure:13360: checking errno.h usability
configure:13360: gcc -c -g -O2  conftest.c >&5
configure:13360: $? = 0
configure:13360: result: yes
configure:13360: checking errno.h presence
configure:13360: gcc -E  conftest.c
configure:13360: $? = 0
configure:13360: result: yes
configure:13360: checking for errno.h
configure:13360: result: yes
configure:13360: checking fcntl.h usability
configure:13360: gcc -c -g -O2  conftest.c >&5
configure:13360: $? = 0
configure:13360: result: yes
configure:13360: checking fcntl.h presence
configure:13360: gcc -E  conftest.c
configure:13360: $? = 0
configure:13360: result: yes
configure:13360: checking for fcntl.h
configure:13360: result: yes
configure:13360: checking limits.h usability
configure:13360: gcc -c -g -O2  conftest.c >&5
configure:13360: $? = 0
configure:13360: result: yes
configure:13360: checking limits.h presence
configure:13360: gcc -E  conftest.c
configure:13360: $? = 0
configure:13360: result: yes
configure:13360: checking for limits.h
configure:13360: result: yes
configure:13360: checking linux/serial.h usability
configure:13360: gcc -c -g -O2  conftest.c >&5
conftest.c:66:10: fatal error: linux/serial.h: No such file or directory
 #include <linux/serial.h>
          ^~~~~~~~~~~~~~~~
compilation terminated.
configure:13360: $? = 1
configure: failed program was:
| /* confdefs.h */
| #define PACKAGE_NAME "libmodbus"
| #define PACKAGE_TARNAME "libmodbus"
| #define PACKAGE_VERSION "3.1.4"
| #define PACKAGE_STRING "libmodbus 3.1.4"
| #define PACKAGE_BUGREPORT "https://github.com/stephane/libmodbus/issues"
| #define PACKAGE_URL "http://libmodbus.org/"
| #define PACKAGE "libmodbus"
| #define VERSION "3.1.4"
| #define STDC_HEADERS 1
| #define HAVE_SYS_TYPES_H 1
| #define HAVE_SYS_STAT_H 1
| #define HAVE_STDLIB_H 1
| #define HAVE_STRING_H 1
| #define HAVE_MEMORY_H 1
| #define HAVE_STRINGS_H 1
| #define HAVE_INTTYPES_H 1
| #define HAVE_STDINT_H 1
| #define HAVE_UNISTD_H 1
| #define __EXTENSIONS__ 1
| #define _ALL_SOURCE 1
| #define _GNU_SOURCE 1
| #define _POSIX_PTHREAD_SEMANTICS 1
| #define _TANDEM_SOURCE 1
| #define HAVE_DLFCN_H 1
| #define LT_OBJDIR ".libs/"
| #define HAVE_ARPA_INET_H 1
| #define HAVE_BYTESWAP_H 1
| #define HAVE_ERRNO_H 1
| #define HAVE_FCNTL_H 1
| #define HAVE_LIMITS_H 1
| /* end confdefs.h.  */
| #include <stdio.h>
| #ifdef HAVE_SYS_TYPES_H
| # include <sys/types.h>
| #endif
| #ifdef HAVE_SYS_STAT_H
| # include <sys/stat.h>
| #endif
| #ifdef STDC_HEADERS
| # include <stdlib.h>
| # include <stddef.h>
| #else
| # ifdef HAVE_STDLIB_H
| #  include <stdlib.h>
| # endif
| #endif
| #ifdef HAVE_STRING_H
| # if !defined STDC_HEADERS && defined HAVE_MEMORY_H
| #  include <memory.h>
| # endif
| # include <string.h>
| #endif
| #ifdef HAVE_STRINGS_H
| # include <strings.h>
| #endif
| #ifdef HAVE_INTTYPES_H
| # include <inttypes.h>
| #endif
| #ifdef HAVE_STDINT_H
| # include <stdint.h>
| #endif
| #ifdef HAVE_UNISTD_H
| # include <unistd.h>
| #endif
| #include <linux/serial.h>
configure:13360: result: no
configure:13360: checking linux/serial.h presence
configure:13360: gcc -E  conftest.c
conftest.c:33:10: fatal error: linux/serial.h: No such file or directory
 #include <linux/serial.h>
          ^~~~~~~~~~~~~~~~
compilation terminated.
configure:13360: $? = 1
configure: failed program was:
| /* confdefs.h */
| #define PACKAGE_NAME "libmodbus"
| #define PACKAGE_TARNAME "libmodbus"
| #define PACKAGE_VERSION "3.1.4"
| #define PACKAGE_STRING "libmodbus 3.1.4"
| #define PACKAGE_BUGREPORT "https://github.com/stephane/libmodbus/issues"
| #define PACKAGE_URL "http://libmodbus.org/"
| #define PACKAGE "libmodbus"
| #define VERSION "3.1.4"
| #define STDC_HEADERS 1
| #define HAVE_SYS_TYPES_H 1
| #define HAVE_SYS_STAT_H 1
| #define HAVE_STDLIB_H 1
| #define HAVE_STRING_H 1
| #define HAVE_MEMORY_H 1
| #define HAVE_STRINGS_H 1
| #define HAVE_INTTYPES_H 1
| #define HAVE_STDINT_H 1
| #define HAVE_UNISTD_H 1
| #define __EXTENSIONS__ 1
| #define _ALL_SOURCE 1
| #define _GNU_SOURCE 1
| #define _POSIX_PTHREAD_SEMANTICS 1
| #define _TANDEM_SOURCE 1
| #define HAVE_DLFCN_H 1
| #define LT_OBJDIR ".libs/"
| #define HAVE_ARPA_INET_H 1
| #define HAVE_BYTESWAP_H 1
| #define HAVE_ERRNO_H 1
| #define HAVE_FCNTL_H 1
| #define HAVE_LIMITS_H 1
| /* end confdefs.h.  */
| #include <linux/serial.h>
configure:13360: result: no
configure:13360: checking for linux/serial.h
configure:13360: result: no
configure:13360: checking netdb.h usability
configure:13360: gcc -c -g -O2  conftest.c >&5
configure:13360: $? = 0
configure:13360: result: yes
configure:13360: checking netdb.h presence
configure:13360: gcc -E  conftest.c
configure:13360: $? = 0
configure:13360: result: yes
configure:13360: checking for netdb.h
configure:13360: result: yes
configure:13360: checking netinet/in.h usability
configure:13360: gcc -c -g -O2  conftest.c >&5
configure:13360: $? = 0
configure:13360: result: yes
configure:13360: checking netinet/in.h presence
configure:13360: gcc -E  conftest.c
configure:13360: $? = 0
configure:13360: result: yes
configure:13360: checking for netinet/in.h
configure:13360: result: yes
configure:13360: checking netinet/tcp.h usability
configure:13360: gcc -c -g -O2  conftest.c >&5
configure:13360: $? = 0
configure:13360: result: yes
configure:13360: checking netinet/tcp.h presence
configure:13360: gcc -E  conftest.c
configure:13360: $? = 0
configure:13360: result: yes
configure:13360: checking for netinet/tcp.h
configure:13360: result: yes
configure:13360: checking sys/ioctl.h usability
configure:13360: gcc -c -g -O2  conftest.c >&5
configure:13360: $? = 0
configure:13360: result: yes
configure:13360: checking sys/ioctl.h presence
configure:13360: gcc -E  conftest.c
configure:13360: $? = 0
configure:13360: result: yes
configure:13360: checking for sys/ioctl.h
configure:13360: result: yes
configure:13360: checking sys/params.h usability
configure:13360: gcc -c -g -O2  conftest.c >&5
conftest.c:70:10: fatal error: sys/params.h: No such file or directory
 #include <sys/params.h>
          ^~~~~~~~~~~~~~
compilation terminated.
configure:13360: $? = 1
configure: failed program was:
| /* confdefs.h */
| #define PACKAGE_NAME "libmodbus"
| #define PACKAGE_TARNAME "libmodbus"
| #define PACKAGE_VERSION "3.1.4"
| #define PACKAGE_STRING "libmodbus 3.1.4"
| #define PACKAGE_BUGREPORT "https://github.com/stephane/libmodbus/issues"
| #define PACKAGE_URL "http://libmodbus.org/"
| #define PACKAGE "libmodbus"
| #define VERSION "3.1.4"
| #define STDC_HEADERS 1
| #define HAVE_SYS_TYPES_H 1
| #define HAVE_SYS_STAT_H 1
| #define HAVE_STDLIB_H 1
| #define HAVE_STRING_H 1
| #define HAVE_MEMORY_H 1
| #define HAVE_STRINGS_H 1
| #define HAVE_INTTYPES_H 1
| #define HAVE_STDINT_H 1
| #define HAVE_UNISTD_H 1
| #define __EXTENSIONS__ 1
| #define _ALL_SOURCE 1
| #define _GNU_SOURCE 1
| #define _POSIX_PTHREAD_SEMANTICS 1
| #define _TANDEM_SOURCE 1
| #define HAVE_DLFCN_H 1
| #define LT_OBJDIR ".libs/"
| #define HAVE_ARPA_INET_H 1
| #define HAVE_BYTESWAP_H 1
| #define HAVE_ERRNO_H 1
| #define HAVE_FCNTL_H 1
| #define HAVE_LIMITS_H 1
| #define HAVE_NETDB_H 1
| #define HAVE_NETINET_IN_H 1
| #define HAVE_NETINET_TCP_H 1
| #define HAVE_SYS_IOCTL_H 1
| /* end confdefs.h.  */
| #include <stdio.h>
| #ifdef HAVE_SYS_TYPES_H
| # include <sys/types.h>
| #endif
| #ifdef HAVE_SYS_STAT_H
| # include <sys/stat.h>
| #endif
| #ifdef STDC_HEADERS
| # include <stdlib.h>
| # include <stddef.h>
| #else
| # ifdef HAVE_STDLIB_H
| #  include <stdlib.h>
| # endif
| #endif
| #ifdef HAVE_STRING_H
| # if !defined STDC_HEADERS && defined HAVE_MEMORY_H
| #  include <memory.h>
| # endif
| # include <string.h>
| #endif
| #ifdef HAVE_STRINGS_H
| # include <strings.h>
| #endif
| #ifdef HAVE_INTTYPES_H
| # include <inttypes.h>
| #endif
| #ifdef HAVE_STDINT_H
| # include <stdint.h>
| #endif
| #ifdef HAVE_UNISTD_H
| # include <unistd.h>
| #endif
| #include <sys/params.h>
configure:13360: result: no
configure:13360: checking sys/params.h presence
configure:13360: gcc -E  conftest.c
conftest.c:37:10: fatal error: sys/params.h: No such file or directory
 #include <sys/params.h>
          ^~~~~~~~~~~~~~
compilation terminated.
configure:13360: $? = 1
configure: failed program was:
| /* confdefs.h */
| #define PACKAGE_NAME "libmodbus"
| #define PACKAGE_TARNAME "libmodbus"
| #define PACKAGE_VERSION "3.1.4"
| #define PACKAGE_STRING "libmodbus 3.1.4"
| #define PACKAGE_BUGREPORT "https://github.com/stephane/libmodbus/issues"
| #define PACKAGE_URL "http://libmodbus.org/"
| #define PACKAGE "libmodbus"
| #define VERSION "3.1.4"
| #define STDC_HEADERS 1
| #define HAVE_SYS_TYPES_H 1
| #define HAVE_SYS_STAT_H 1
| #define HAVE_STDLIB_H 1
| #define HAVE_STRING_H 1
| #define HAVE_MEMORY_H 1
| #define HAVE_STRINGS_H 1
| #define HAVE_INTTYPES_H 1
| #define HAVE_STDINT_H 1
| #define HAVE_UNISTD_H 1
| #define __EXTENSIONS__ 1
| #define _ALL_SOURCE 1
| #define _GNU_SOURCE 1
| #define _POSIX_PTHREAD_SEMANTICS 1
| #define _TANDEM_SOURCE 1
| #define HAVE_DLFCN_H 1
| #define LT_OBJDIR ".libs/"
| #define HAVE_ARPA_INET_H 1
| #define HAVE_BYTESWAP_H 1
| #define HAVE_ERRNO_H 1
| #define HAVE_FCNTL_H 1
| #define HAVE_LIMITS_H 1
| #define HAVE_NETDB_H 1
| #define HAVE_NETINET_IN_H 1
| #define HAVE_NETINET_TCP_H 1
| #define HAVE_SYS_IOCTL_H 1
| /* end confdefs.h.  */
| #include <sys/params.h>
configure:13360: result: no
configure:13360: checking for sys/params.h
configure:13360: result: no
configure:13360: checking sys/socket.h usability
configure:13360: gcc -c -g -O2  conftest.c >&5
configure:13360: $? = 0
configure:13360: result: yes
configure:13360: checking sys/socket.h presence
configure:13360: gcc -E  conftest.c
configure:13360: $? = 0
configure:13360: result: yes
configure:13360: checking for sys/socket.h
configure:13360: result: yes
configure:13360: checking sys/time.h usability
configure:13360: gcc -c -g -O2  conftest.c >&5
configure:13360: $? = 0
configure:13360: result: yes
configure:13360: checking sys/time.h presence
configure:13360: gcc -E  conftest.c
configure:13360: $? = 0
configure:13360: result: yes
configure:13360: checking for sys/time.h
configure:13360: result: yes
configure:13360: checking for sys/types.h
configure:13360: result: yes
configure:13360: checking termios.h usability
configure:13360: gcc -c -g -O2  conftest.c >&5
configure:13360: $? = 0
configure:13360: result: yes
configure:13360: checking termios.h presence
configure:13360: gcc -E  conftest.c
configure:13360: $? = 0
configure:13360: result: yes
configure:13360: checking for termios.h
configure:13360: result: yes
configure:13360: checking time.h usability
configure:13360: gcc -c -g -O2  conftest.c >&5
configure:13360: $? = 0
configure:13360: result: yes
configure:13360: checking time.h presence
configure:13360: gcc -E  conftest.c
configure:13360: $? = 0
configure:13360: result: yes
configure:13360: checking for time.h
configure:13360: result: yes
configure:13360: checking for unistd.h
configure:13360: result: yes
configure:13389: checking for asciidoc
configure:13417: result: no
configure:13427: checking for xmlto
configure:13455: result: no
configure:13468: checking whether to build documentation
configure:13470: result: no
configure:13473: WARNING: The tools to build the documentation aren't installed
configure:13488: checking whether __CYGWIN__ is declared
configure:13488: gcc -c -g -O2  conftest.c >&5
configure:13488: $? = 0
configure:13488: result: yes
configure:13501: checking for pid_t
configure:13501: gcc -c -g -O2  conftest.c >&5
configure:13501: $? = 0
configure:13501: gcc -c -g -O2  conftest.c >&5
conftest.c: In function 'main':
conftest.c:80:20: error: expected expression before ')' token
 if (sizeof ((pid_t)))
                    ^
configure:13501: $? = 1
configure: failed program was:
| /* confdefs.h */
| #define PACKAGE_NAME "libmodbus"
| #define PACKAGE_TARNAME "libmodbus"
| #define PACKAGE_VERSION "3.1.4"
| #define PACKAGE_STRING "libmodbus 3.1.4"
| #define PACKAGE_BUGREPORT "https://github.com/stephane/libmodbus/issues"
| #define PACKAGE_URL "http://libmodbus.org/"
| #define PACKAGE "libmodbus"
| #define VERSION "3.1.4"
| #define STDC_HEADERS 1
| #define HAVE_SYS_TYPES_H 1
| #define HAVE_SYS_STAT_H 1
| #define HAVE_STDLIB_H 1
| #define HAVE_STRING_H 1
| #define HAVE_MEMORY_H 1
| #define HAVE_STRINGS_H 1
| #define HAVE_INTTYPES_H 1
| #define HAVE_STDINT_H 1
| #define HAVE_UNISTD_H 1
| #define __EXTENSIONS__ 1
| #define _ALL_SOURCE 1
| #define _GNU_SOURCE 1
| #define _POSIX_PTHREAD_SEMANTICS 1
| #define _TANDEM_SOURCE 1
| #define HAVE_DLFCN_H 1
| #define LT_OBJDIR ".libs/"
| #define HAVE_ARPA_INET_H 1
| #define HAVE_BYTESWAP_H 1
| #define HAVE_ERRNO_H 1
| #define HAVE_FCNTL_H 1
| #define HAVE_LIMITS_H 1
| #define HAVE_NETDB_H 1
| #define HAVE_NETINET_IN_H 1
| #define HAVE_NETINET_TCP_H 1
| #define HAVE_SYS_IOCTL_H 1
| #define HAVE_SYS_SOCKET_H 1
| #define HAVE_SYS_TIME_H 1
| #define HAVE_SYS_TYPES_H 1
| #define HAVE_TERMIOS_H 1
| #define HAVE_TIME_H 1
| #define HAVE_UNISTD_H 1
| #define HAVE_DECL___CYGWIN__ 1
| /* end confdefs.h.  */
| #include <stdio.h>
| #ifdef HAVE_SYS_TYPES_H
| # include <sys/types.h>
| #endif
| #ifdef HAVE_SYS_STAT_H
| # include <sys/stat.h>
| #endif
| #ifdef STDC_HEADERS
| # include <stdlib.h>
| # include <stddef.h>
| #else
| # ifdef HAVE_STDLIB_H
| #  include <stdlib.h>
| # endif
| #endif
| #ifdef HAVE_STRING_H
| # if !defined STDC_HEADERS && defined HAVE_MEMORY_H
| #  include <memory.h>
| # endif
| # include <string.h>
| #endif
| #ifdef HAVE_STRINGS_H
| # include <strings.h>
| #endif
| #ifdef HAVE_INTTYPES_H
| # include <inttypes.h>
| #endif
| #ifdef HAVE_STDINT_H
| # include <stdint.h>
| #endif
| #ifdef HAVE_UNISTD_H
| # include <unistd.h>
| #endif
| int
| main ()
| {
| if (sizeof ((pid_t)))
| 	    return 0;
|   ;
|   return 0;
| }
configure:13501: result: yes
configure:13514: checking vfork.h usability
configure:13514: gcc -c -g -O2  conftest.c >&5
conftest.c:77:10: fatal error: vfork.h: No such file or directory
 #include <vfork.h>
          ^~~~~~~~~
compilation terminated.
configure:13514: $? = 1
configure: failed program was:
| /* confdefs.h */
| #define PACKAGE_NAME "libmodbus"
| #define PACKAGE_TARNAME "libmodbus"
| #define PACKAGE_VERSION "3.1.4"
| #define PACKAGE_STRING "libmodbus 3.1.4"
| #define PACKAGE_BUGREPORT "https://github.com/stephane/libmodbus/issues"
| #define PACKAGE_URL "http://libmodbus.org/"
| #define PACKAGE "libmodbus"
| #define VERSION "3.1.4"
| #define STDC_HEADERS 1
| #define HAVE_SYS_TYPES_H 1
| #define HAVE_SYS_STAT_H 1
| #define HAVE_STDLIB_H 1
| #define HAVE_STRING_H 1
| #define HAVE_MEMORY_H 1
| #define HAVE_STRINGS_H 1
| #define HAVE_INTTYPES_H 1
| #define HAVE_STDINT_H 1
| #define HAVE_UNISTD_H 1
| #define __EXTENSIONS__ 1
| #define _ALL_SOURCE 1
| #define _GNU_SOURCE 1
| #define _POSIX_PTHREAD_SEMANTICS 1
| #define _TANDEM_SOURCE 1
| #define HAVE_DLFCN_H 1
| #define LT_OBJDIR ".libs/"
| #define HAVE_ARPA_INET_H 1
| #define HAVE_BYTESWAP_H 1
| #define HAVE_ERRNO_H 1
| #define HAVE_FCNTL_H 1
| #define HAVE_LIMITS_H 1
| #define HAVE_NETDB_H 1
| #define HAVE_NETINET_IN_H 1
| #define HAVE_NETINET_TCP_H 1
| #define HAVE_SYS_IOCTL_H 1
| #define HAVE_SYS_SOCKET_H 1
| #define HAVE_SYS_TIME_H 1
| #define HAVE_SYS_TYPES_H 1
| #define HAVE_TERMIOS_H 1
| #define HAVE_TIME_H 1
| #define HAVE_UNISTD_H 1
| #define HAVE_DECL___CYGWIN__ 1
| /* end confdefs.h.  */
| #include <stdio.h>
| #ifdef HAVE_SYS_TYPES_H
| # include <sys/types.h>
| #endif
| #ifdef HAVE_SYS_STAT_H
| # include <sys/stat.h>
| #endif
| #ifdef STDC_HEADERS
| # include <stdlib.h>
| # include <stddef.h>
| #else
| # ifdef HAVE_STDLIB_H
| #  include <stdlib.h>
| # endif
| #endif
| #ifdef HAVE_STRING_H
| # if !defined STDC_HEADERS && defined HAVE_MEMORY_H
| #  include <memory.h>
| # endif
| # include <string.h>
| #endif
| #ifdef HAVE_STRINGS_H
| # include <strings.h>
| #endif
| #ifdef HAVE_INTTYPES_H
| # include <inttypes.h>
| #endif
| #ifdef HAVE_STDINT_H
| # include <stdint.h>
| #endif
| #ifdef HAVE_UNISTD_H
| # include <unistd.h>
| #endif
| #include <vfork.h>
configure:13514: result: no
configure:13514: checking vfork.h presence
configure:13514: gcc -E  conftest.c
conftest.c:44:10: fatal error: vfork.h: No such file or directory
 #include <vfork.h>
          ^~~~~~~~~
compilation terminated.
configure:13514: $? = 1
configure: failed program was:
| /* confdefs.h */
| #define PACKAGE_NAME "libmodbus"
| #define PACKAGE_TARNAME "libmodbus"
| #define PACKAGE_VERSION "3.1.4"
| #define PACKAGE_STRING "libmodbus 3.1.4"
| #define PACKAGE_BUGREPORT "https://github.com/stephane/libmodbus/issues"
| #define PACKAGE_URL "http://libmodbus.org/"
| #define PACKAGE "libmodbus"
| #define VERSION "3.1.4"
| #define STDC_HEADERS 1
| #define HAVE_SYS_TYPES_H 1
| #define HAVE_SYS_STAT_H 1
| #define HAVE_STDLIB_H 1
| #define HAVE_STRING_H 1
| #define HAVE_MEMORY_H 1
| #define HAVE_STRINGS_H 1
| #define HAVE_INTTYPES_H 1
| #define HAVE_STDINT_H 1
| #define HAVE_UNISTD_H 1
| #define __EXTENSIONS__ 1
| #define _ALL_SOURCE 1
| #define _GNU_SOURCE 1
| #define _POSIX_PTHREAD_SEMANTICS 1
| #define _TANDEM_SOURCE 1
| #define HAVE_DLFCN_H 1
| #define LT_OBJDIR ".libs/"
| #define HAVE_ARPA_INET_H 1
| #define HAVE_BYTESWAP_H 1
| #define HAVE_ERRNO_H 1
| #define HAVE_FCNTL_H 1
| #define HAVE_LIMITS_H 1
| #define HAVE_NETDB_H 1
| #define HAVE_NETINET_IN_H 1
| #define HAVE_NETINET_TCP_H 1
| #define HAVE_SYS_IOCTL_H 1
| #define HAVE_SYS_SOCKET_H 1
| #define HAVE_SYS_TIME_H 1
| #define HAVE_SYS_TYPES_H 1
| #define HAVE_TERMIOS_H 1
| #define HAVE_TIME_H 1
| #define HAVE_UNISTD_H 1
| #define HAVE_DECL___CYGWIN__ 1
| /* end confdefs.h.  */
| #include <vfork.h>
configure:13514: result: no
configure:13514: checking for vfork.h
configure:13514: result: no
configure:13527: checking for fork
configure:13527: gcc -o conftest.exe -g -O2   conftest.c  >&5
conftest.c:67:6: warning: conflicting types for built-in function 'fork' [-Wbuiltin-declaration-mismatch]
 char fork ();
      ^~~~
configure:13527: $? = 0
configure:13527: result: yes
configure:13527: checking for vfork
configure:13527: gcc -o conftest.exe -g -O2   conftest.c  >&5
configure:13527: $? = 0
configure:13527: result: yes
configure:13537: checking for working fork
configure:13559: gcc -o conftest.exe -g -O2   conftest.c  >&5
configure:13559: $? = 0
configure:13559: ./conftest.exe
configure:13559: $? = 0
configure:13569: result: yes
configure:13590: checking for working vfork
configure:13700: result: yes
configure:13727: checking for stdlib.h
configure:13727: result: yes
configure:13737: checking for GNU libc compatible malloc
configure:13761: gcc -o conftest.exe -g -O2   conftest.c  >&5
configure:13761: $? = 0
configure:13761: ./conftest.exe
configure:13761: $? = 0
configure:13771: result: yes
configure:13795: checking for accept4
configure:13795: gcc -o conftest.exe -g -O2   conftest.c  >&5
configure:13795: $? = 0
configure:13795: result: yes
configure:13795: checking for getaddrinfo
configure:13795: gcc -o conftest.exe -g -O2   conftest.c  >&5
configure:13795: $? = 0
configure:13795: result: yes
configure:13795: checking for gettimeofday
configure:13795: gcc -o conftest.exe -g -O2   conftest.c  >&5
configure:13795: $? = 0
configure:13795: result: yes
configure:13795: checking for inet_ntoa
configure:13795: gcc -o conftest.exe -g -O2   conftest.c  >&5
configure:13795: $? = 0
configure:13795: result: yes
configure:13795: checking for memset
configure:13795: gcc -o conftest.exe -g -O2   conftest.c  >&5
conftest.c:77:6: warning: conflicting types for built-in function 'memset' [-Wbuiltin-declaration-mismatch]
 char memset ();
      ^~~~~~
configure:13795: $? = 0
configure:13795: result: yes
configure:13795: checking for select
configure:13795: gcc -o conftest.exe -g -O2   conftest.c  >&5
configure:13795: $? = 0
configure:13795: result: yes
configure:13795: checking for socket
configure:13795: gcc -o conftest.exe -g -O2   conftest.c  >&5
configure:13795: $? = 0
configure:13795: result: yes
configure:13795: checking for strerror
configure:13795: gcc -o conftest.exe -g -O2   conftest.c  >&5
configure:13795: $? = 0
configure:13795: result: yes
configure:13795: checking for strlcpy
configure:13795: gcc -o conftest.exe -g -O2   conftest.c  >&5
configure:13795: $? = 0
configure:13795: result: yes
configure:13811: checking for inline
configure:13827: gcc -c -g -O2  conftest.c >&5
configure:13827: $? = 0
configure:13835: result: inline
configure:13913: checking for g++
configure:13929: found /usr/bin/g++
configure:13940: result: g++
configure:13967: checking for C++ compiler version
configure:13976: g++ --version >&5
g++ (GCC) 7.3.0
Copyright (C) 2017 Free Software Foundation, Inc.
This is free software; see the source for copying conditions.  There is NO
warranty; not even for MERCHANTABILITY or FITNESS FOR A PARTICULAR PURPOSE.

configure:13987: $? = 0
configure:13976: g++ -v >&5
Using built-in specs.
COLLECT_GCC=g++
COLLECT_LTO_WRAPPER=/usr/lib/gcc/x86_64-pc-cygwin/7.3.0/lto-wrapper.exe
Target: x86_64-pc-cygwin
Configured with: /cygdrive/i/szsz/tmpp/gcc/gcc-7.3.0-3.x86_64/src/gcc-7.3.0/configure --srcdir=/cygdrive/i/szsz/tmpp/gcc/gcc-7.3.0-3.x86_64/src/gcc-7.3.0 --prefix=/usr --exec-prefix=/usr --localstatedir=/var --sysconfdir=/etc --docdir=/usr/share/doc/gcc --htmldir=/usr/share/doc/gcc/html -C --build=x86_64-pc-cygwin --host=x86_64-pc-cygwin --target=x86_64-pc-cygwin --without-libiconv-prefix --without-libintl-prefix --libexecdir=/usr/lib --enable-shared --enable-shared-libgcc --enable-static --enable-version-specific-runtime-libs --enable-bootstrap --enable-__cxa_atexit --with-dwarf2 --with-tune=generic --enable-languages=ada,c,c++,fortran,lto,objc,obj-c++ --enable-graphite --enable-threads=posix --enable-libatomic --enable-libcilkrts --enable-libgomp --enable-libitm --enable-libquadmath --enable-libquadmath-support --disable-libssp --enable-libada --disable-symvers --with-gnu-ld --with-gnu-as --with-cloog-include=/usr/include/cloog-isl --without-libiconv-prefix --without-libintl-prefix --with-system-zlib --enable-linker-build-id --with-default-libstdcxx-abi=gcc4-compatible --enable-libstdcxx-filesystem-ts
Thread model: posix
gcc version 7.3.0 (GCC) 
configure:13987: $? = 0
configure:13976: g++ -V >&5
g++: error: unrecognized command line option '-V'
g++: fatal error: no input files
compilation terminated.
configure:13987: $? = 1
configure:13976: g++ -qversion >&5
g++: error: unrecognized command line option '-qversion'; did you mean '--version'?
g++: fatal error: no input files
compilation terminated.
configure:13987: $? = 1
configure:13991: checking whether we are using the GNU C++ compiler
configure:14010: g++ -c   conftest.cpp >&5
configure:14010: $? = 0
configure:14019: result: yes
configure:14028: checking whether g++ accepts -g
configure:14048: g++ -c -g  conftest.cpp >&5
configure:14048: $? = 0
configure:14089: result: yes
configure:14114: checking dependency style of g++
configure:14225: result: gcc3
configure:14258: checking how to run the C++ preprocessor
configure:14285: g++ -E  conftest.cpp
configure:14285: $? = 0
configure:14299: g++ -E  conftest.cpp
conftest.cpp:60:10: fatal error: ac_nonexistent.h: No such file or directory
 #include <ac_nonexistent.h>
          ^~~~~~~~~~~~~~~~~~
compilation terminated.
configure:14299: $? = 1
configure: failed program was:
| /* confdefs.h */
| #define PACKAGE_NAME "libmodbus"
| #define PACKAGE_TARNAME "libmodbus"
| #define PACKAGE_VERSION "3.1.4"
| #define PACKAGE_STRING "libmodbus 3.1.4"
| #define PACKAGE_BUGREPORT "https://github.com/stephane/libmodbus/issues"
| #define PACKAGE_URL "http://libmodbus.org/"
| #define PACKAGE "libmodbus"
| #define VERSION "3.1.4"
| #define STDC_HEADERS 1
| #define HAVE_SYS_TYPES_H 1
| #define HAVE_SYS_STAT_H 1
| #define HAVE_STDLIB_H 1
| #define HAVE_STRING_H 1
| #define HAVE_MEMORY_H 1
| #define HAVE_STRINGS_H 1
| #define HAVE_INTTYPES_H 1
| #define HAVE_STDINT_H 1
| #define HAVE_UNISTD_H 1
| #define __EXTENSIONS__ 1
| #define _ALL_SOURCE 1
| #define _GNU_SOURCE 1
| #define _POSIX_PTHREAD_SEMANTICS 1
| #define _TANDEM_SOURCE 1
| #define HAVE_DLFCN_H 1
| #define LT_OBJDIR ".libs/"
| #define HAVE_ARPA_INET_H 1
| #define HAVE_BYTESWAP_H 1
| #define HAVE_ERRNO_H 1
| #define HAVE_FCNTL_H 1
| #define HAVE_LIMITS_H 1
| #define HAVE_NETDB_H 1
| #define HAVE_NETINET_IN_H 1
| #define HAVE_NETINET_TCP_H 1
| #define HAVE_SYS_IOCTL_H 1
| #define HAVE_SYS_SOCKET_H 1
| #define HAVE_SYS_TIME_H 1
| #define HAVE_SYS_TYPES_H 1
| #define HAVE_TERMIOS_H 1
| #define HAVE_TIME_H 1
| #define HAVE_UNISTD_H 1
| #define HAVE_DECL___CYGWIN__ 1
| #define HAVE_FORK 1
| #define HAVE_VFORK 1
| #define HAVE_WORKING_VFORK 1
| #define HAVE_WORKING_FORK 1
| #define HAVE_STDLIB_H 1
| #define HAVE_MALLOC 1
| #define HAVE_ACCEPT4 1
| #define HAVE_GETADDRINFO 1
| #define HAVE_GETTIMEOFDAY 1
| #define HAVE_INET_NTOA 1
| #define HAVE_MEMSET 1
| #define HAVE_SELECT 1
| #define HAVE_SOCKET 1
| #define HAVE_STRERROR 1
| #define HAVE_STRLCPY 1
| #define WINVER 0x0501
| /* end confdefs.h.  */
| #include <ac_nonexistent.h>
configure:14324: result: g++ -E
configure:14344: g++ -E  conftest.cpp
configure:14344: $? = 0
configure:14358: g++ -E  conftest.cpp
conftest.cpp:60:10: fatal error: ac_nonexistent.h: No such file or directory
 #include <ac_nonexistent.h>
          ^~~~~~~~~~~~~~~~~~
compilation terminated.
configure:14358: $? = 1
configure: failed program was:
| /* confdefs.h */
| #define PACKAGE_NAME "libmodbus"
| #define PACKAGE_TARNAME "libmodbus"
| #define PACKAGE_VERSION "3.1.4"
| #define PACKAGE_STRING "libmodbus 3.1.4"
| #define PACKAGE_BUGREPORT "https://github.com/stephane/libmodbus/issues"
| #define PACKAGE_URL "http://libmodbus.org/"
| #define PACKAGE "libmodbus"
| #define VERSION "3.1.4"
| #define STDC_HEADERS 1
| #define HAVE_SYS_TYPES_H 1
| #define HAVE_SYS_STAT_H 1
| #define HAVE_STDLIB_H 1
| #define HAVE_STRING_H 1
| #define HAVE_MEMORY_H 1
| #define HAVE_STRINGS_H 1
| #define HAVE_INTTYPES_H 1
| #define HAVE_STDINT_H 1
| #define HAVE_UNISTD_H 1
| #define __EXTENSIONS__ 1
| #define _ALL_SOURCE 1
| #define _GNU_SOURCE 1
| #define _POSIX_PTHREAD_SEMANTICS 1
| #define _TANDEM_SOURCE 1
| #define HAVE_DLFCN_H 1
| #define LT_OBJDIR ".libs/"
| #define HAVE_ARPA_INET_H 1
| #define HAVE_BYTESWAP_H 1
| #define HAVE_ERRNO_H 1
| #define HAVE_FCNTL_H 1
| #define HAVE_LIMITS_H 1
| #define HAVE_NETDB_H 1
| #define HAVE_NETINET_IN_H 1
| #define HAVE_NETINET_TCP_H 1
| #define HAVE_SYS_IOCTL_H 1
| #define HAVE_SYS_SOCKET_H 1
| #define HAVE_SYS_TIME_H 1
| #define HAVE_SYS_TYPES_H 1
| #define HAVE_TERMIOS_H 1
| #define HAVE_TIME_H 1
| #define HAVE_UNISTD_H 1
| #define HAVE_DECL___CYGWIN__ 1
| #define HAVE_FORK 1
| #define HAVE_VFORK 1
| #define HAVE_WORKING_VFORK 1
| #define HAVE_WORKING_FORK 1
| #define HAVE_STDLIB_H 1
| #define HAVE_MALLOC 1
| #define HAVE_ACCEPT4 1
| #define HAVE_GETADDRINFO 1
| #define HAVE_GETTIMEOFDAY 1
| #define HAVE_INET_NTOA 1
| #define HAVE_MEMSET 1
| #define HAVE_SELECT 1
| #define HAVE_SOCKET 1
| #define HAVE_STRERROR 1
| #define HAVE_STRLCPY 1
| #define WINVER 0x0501
| /* end confdefs.h.  */
| #include <ac_nonexistent.h>
configure:14520: checking for ld used by g++
configure:14587: result: /usr/x86_64-pc-cygwin/bin/ld.exe
configure:14594: checking if the linker (/usr/x86_64-pc-cygwin/bin/ld.exe) is GNU ld
configure:14609: result: yes
configure:14664: checking whether the g++ linker (/usr/x86_64-pc-cygwin/bin/ld.exe) supports shared libraries
configure:15737: result: yes
configure:15773: g++ -c -g -O2  conftest.cpp >&5
configure:15776: $? = 0
configure:16257: checking for g++ option to produce PIC
configure:16264: result: -DDLL_EXPORT -DPIC
configure:16272: checking if g++ PIC flag -DDLL_EXPORT -DPIC works
configure:16290: g++ -c -g -O2  -DDLL_EXPORT -DPIC -DPIC conftest.cpp >&5
configure:16294: $? = 0
configure:16307: result: yes
configure:16330: checking if g++ static flag -static works
configure:16358: result: yes
configure:16370: checking if g++ supports -c -o file.o
configure:16391: g++ -c -g -O2  -o out/conftest2.o conftest.cpp >&5
configure:16395: $? = 0
configure:16417: result: yes
configure:16422: checking if g++ supports -c -o file.o
configure:16469: result: yes
configure:16499: checking whether the g++ linker (/usr/x86_64-pc-cygwin/bin/ld.exe) supports shared libraries
configure:16539: result: yes
configure:16680: checking dynamic linker characteristics
configure:17425: result: Win32 ld.exe
configure:17490: checking how to hardcode library paths into programs
configure:17515: result: immediate
configure:17557: checking for int64_t
configure:17557: gcc -c -g -O2  conftest.c >&5
configure:17557: $? = 0
configure:17557: gcc -c -g -O2  conftest.c >&5
conftest.c: In function 'main':
conftest.c:98:53: warning: integer overflow in expression [-Woverflow]
    < (int64_t) (((((int64_t) 1 << N) << N) - 1) * 2 + 2))];
                                                     ^
conftest.c:97:12: error: storage size of 'test_array' isn't constant
 static int test_array [1 - 2 * !((int64_t) (((((int64_t) 1 << N) << N) - 1) * 2 + 1)
            ^~~~~~~~~~
configure:17557: $? = 1
configure: failed program was:
| /* confdefs.h */
| #define PACKAGE_NAME "libmodbus"
| #define PACKAGE_TARNAME "libmodbus"
| #define PACKAGE_VERSION "3.1.4"
| #define PACKAGE_STRING "libmodbus 3.1.4"
| #define PACKAGE_BUGREPORT "https://github.com/stephane/libmodbus/issues"
| #define PACKAGE_URL "http://libmodbus.org/"
| #define PACKAGE "libmodbus"
| #define VERSION "3.1.4"
| #define STDC_HEADERS 1
| #define HAVE_SYS_TYPES_H 1
| #define HAVE_SYS_STAT_H 1
| #define HAVE_STDLIB_H 1
| #define HAVE_STRING_H 1
| #define HAVE_MEMORY_H 1
| #define HAVE_STRINGS_H 1
| #define HAVE_INTTYPES_H 1
| #define HAVE_STDINT_H 1
| #define HAVE_UNISTD_H 1
| #define __EXTENSIONS__ 1
| #define _ALL_SOURCE 1
| #define _GNU_SOURCE 1
| #define _POSIX_PTHREAD_SEMANTICS 1
| #define _TANDEM_SOURCE 1
| #define HAVE_DLFCN_H 1
| #define LT_OBJDIR ".libs/"
| #define HAVE_ARPA_INET_H 1
| #define HAVE_BYTESWAP_H 1
| #define HAVE_ERRNO_H 1
| #define HAVE_FCNTL_H 1
| #define HAVE_LIMITS_H 1
| #define HAVE_NETDB_H 1
| #define HAVE_NETINET_IN_H 1
| #define HAVE_NETINET_TCP_H 1
| #define HAVE_SYS_IOCTL_H 1
| #define HAVE_SYS_SOCKET_H 1
| #define HAVE_SYS_TIME_H 1
| #define HAVE_SYS_TYPES_H 1
| #define HAVE_TERMIOS_H 1
| #define HAVE_TIME_H 1
| #define HAVE_UNISTD_H 1
| #define HAVE_DECL___CYGWIN__ 1
| #define HAVE_FORK 1
| #define HAVE_VFORK 1
| #define HAVE_WORKING_VFORK 1
| #define HAVE_WORKING_FORK 1
| #define HAVE_STDLIB_H 1
| #define HAVE_MALLOC 1
| #define HAVE_ACCEPT4 1
| #define HAVE_GETADDRINFO 1
| #define HAVE_GETTIMEOFDAY 1
| #define HAVE_INET_NTOA 1
| #define HAVE_MEMSET 1
| #define HAVE_SELECT 1
| #define HAVE_SOCKET 1
| #define HAVE_STRERROR 1
| #define HAVE_STRLCPY 1
| #define WINVER 0x0501
| /* end confdefs.h.  */
| #include <stdio.h>
| #ifdef HAVE_SYS_TYPES_H
| # include <sys/types.h>
| #endif
| #ifdef HAVE_SYS_STAT_H
| # include <sys/stat.h>
| #endif
| #ifdef STDC_HEADERS
| # include <stdlib.h>
| # include <stddef.h>
| #else
| # ifdef HAVE_STDLIB_H
| #  include <stdlib.h>
| # endif
| #endif
| #ifdef HAVE_STRING_H
| # if !defined STDC_HEADERS && defined HAVE_MEMORY_H
| #  include <memory.h>
| # endif
| # include <string.h>
| #endif
| #ifdef HAVE_STRINGS_H
| # include <strings.h>
| #endif
| #ifdef HAVE_INTTYPES_H
| # include <inttypes.h>
| #endif
| #ifdef HAVE_STDINT_H
| # include <stdint.h>
| #endif
| #ifdef HAVE_UNISTD_H
| # include <unistd.h>
| #endif
| 	        enum { N = 64 / 2 - 1 };
| int
| main ()
| {
| static int test_array [1 - 2 * !((int64_t) (((((int64_t) 1 << N) << N) - 1) * 2 + 1)
| 		 < (int64_t) (((((int64_t) 1 << N) << N) - 1) * 2 + 2))];
| test_array [0] = 0;
| return test_array [0];
| 
|   ;
|   return 0;
| }
configure:17557: result: yes
configure:17568: checking for size_t
configure:17568: gcc -c -g -O2  conftest.c >&5
configure:17568: $? = 0
configure:17568: gcc -c -g -O2  conftest.c >&5
conftest.c: In function 'main':
conftest.c:96:21: error: expected expression before ')' token
 if (sizeof ((size_t)))
                     ^
configure:17568: $? = 1
configure: failed program was:
| /* confdefs.h */
| #define PACKAGE_NAME "libmodbus"
| #define PACKAGE_TARNAME "libmodbus"
| #define PACKAGE_VERSION "3.1.4"
| #define PACKAGE_STRING "libmodbus 3.1.4"
| #define PACKAGE_BUGREPORT "https://github.com/stephane/libmodbus/issues"
| #define PACKAGE_URL "http://libmodbus.org/"
| #define PACKAGE "libmodbus"
| #define VERSION "3.1.4"
| #define STDC_HEADERS 1
| #define HAVE_SYS_TYPES_H 1
| #define HAVE_SYS_STAT_H 1
| #define HAVE_STDLIB_H 1
| #define HAVE_STRING_H 1
| #define HAVE_MEMORY_H 1
| #define HAVE_STRINGS_H 1
| #define HAVE_INTTYPES_H 1
| #define HAVE_STDINT_H 1
| #define HAVE_UNISTD_H 1
| #define __EXTENSIONS__ 1
| #define _ALL_SOURCE 1
| #define _GNU_SOURCE 1
| #define _POSIX_PTHREAD_SEMANTICS 1
| #define _TANDEM_SOURCE 1
| #define HAVE_DLFCN_H 1
| #define LT_OBJDIR ".libs/"
| #define HAVE_ARPA_INET_H 1
| #define HAVE_BYTESWAP_H 1
| #define HAVE_ERRNO_H 1
| #define HAVE_FCNTL_H 1
| #define HAVE_LIMITS_H 1
| #define HAVE_NETDB_H 1
| #define HAVE_NETINET_IN_H 1
| #define HAVE_NETINET_TCP_H 1
| #define HAVE_SYS_IOCTL_H 1
| #define HAVE_SYS_SOCKET_H 1
| #define HAVE_SYS_TIME_H 1
| #define HAVE_SYS_TYPES_H 1
| #define HAVE_TERMIOS_H 1
| #define HAVE_TIME_H 1
| #define HAVE_UNISTD_H 1
| #define HAVE_DECL___CYGWIN__ 1
| #define HAVE_FORK 1
| #define HAVE_VFORK 1
| #define HAVE_WORKING_VFORK 1
| #define HAVE_WORKING_FORK 1
| #define HAVE_STDLIB_H 1
| #define HAVE_MALLOC 1
| #define HAVE_ACCEPT4 1
| #define HAVE_GETADDRINFO 1
| #define HAVE_GETTIMEOFDAY 1
| #define HAVE_INET_NTOA 1
| #define HAVE_MEMSET 1
| #define HAVE_SELECT 1
| #define HAVE_SOCKET 1
| #define HAVE_STRERROR 1
| #define HAVE_STRLCPY 1
| #define WINVER 0x0501
| /* end confdefs.h.  */
| #include <stdio.h>
| #ifdef HAVE_SYS_TYPES_H
| # include <sys/types.h>
| #endif
| #ifdef HAVE_SYS_STAT_H
| # include <sys/stat.h>
| #endif
| #ifdef STDC_HEADERS
| # include <stdlib.h>
| # include <stddef.h>
| #else
| # ifdef HAVE_STDLIB_H
| #  include <stdlib.h>
| # endif
| #endif
| #ifdef HAVE_STRING_H
| # if !defined STDC_HEADERS && defined HAVE_MEMORY_H
| #  include <memory.h>
| # endif
| # include <string.h>
| #endif
| #ifdef HAVE_STRINGS_H
| # include <strings.h>
| #endif
| #ifdef HAVE_INTTYPES_H
| # include <inttypes.h>
| #endif
| #ifdef HAVE_STDINT_H
| # include <stdint.h>
| #endif
| #ifdef HAVE_UNISTD_H
| # include <unistd.h>
| #endif
| int
| main ()
| {
| if (sizeof ((size_t)))
| 	    return 0;
|   ;
|   return 0;
| }
configure:17568: result: yes
configure:17579: checking for ssize_t
configure:17579: gcc -c -g -O2  conftest.c >&5
configure:17579: $? = 0
configure:17579: gcc -c -g -O2  conftest.c >&5
conftest.c: In function 'main':
conftest.c:96:22: error: expected expression before ')' token
 if (sizeof ((ssize_t)))
                      ^
configure:17579: $? = 1
configure: failed program was:
| /* confdefs.h */
| #define PACKAGE_NAME "libmodbus"
| #define PACKAGE_TARNAME "libmodbus"
| #define PACKAGE_VERSION "3.1.4"
| #define PACKAGE_STRING "libmodbus 3.1.4"
| #define PACKAGE_BUGREPORT "https://github.com/stephane/libmodbus/issues"
| #define PACKAGE_URL "http://libmodbus.org/"
| #define PACKAGE "libmodbus"
| #define VERSION "3.1.4"
| #define STDC_HEADERS 1
| #define HAVE_SYS_TYPES_H 1
| #define HAVE_SYS_STAT_H 1
| #define HAVE_STDLIB_H 1
| #define HAVE_STRING_H 1
| #define HAVE_MEMORY_H 1
| #define HAVE_STRINGS_H 1
| #define HAVE_INTTYPES_H 1
| #define HAVE_STDINT_H 1
| #define HAVE_UNISTD_H 1
| #define __EXTENSIONS__ 1
| #define _ALL_SOURCE 1
| #define _GNU_SOURCE 1
| #define _POSIX_PTHREAD_SEMANTICS 1
| #define _TANDEM_SOURCE 1
| #define HAVE_DLFCN_H 1
| #define LT_OBJDIR ".libs/"
| #define HAVE_ARPA_INET_H 1
| #define HAVE_BYTESWAP_H 1
| #define HAVE_ERRNO_H 1
| #define HAVE_FCNTL_H 1
| #define HAVE_LIMITS_H 1
| #define HAVE_NETDB_H 1
| #define HAVE_NETINET_IN_H 1
| #define HAVE_NETINET_TCP_H 1
| #define HAVE_SYS_IOCTL_H 1
| #define HAVE_SYS_SOCKET_H 1
| #define HAVE_SYS_TIME_H 1
| #define HAVE_SYS_TYPES_H 1
| #define HAVE_TERMIOS_H 1
| #define HAVE_TIME_H 1
| #define HAVE_UNISTD_H 1
| #define HAVE_DECL___CYGWIN__ 1
| #define HAVE_FORK 1
| #define HAVE_VFORK 1
| #define HAVE_WORKING_VFORK 1
| #define HAVE_WORKING_FORK 1
| #define HAVE_STDLIB_H 1
| #define HAVE_MALLOC 1
| #define HAVE_ACCEPT4 1
| #define HAVE_GETADDRINFO 1
| #define HAVE_GETTIMEOFDAY 1
| #define HAVE_INET_NTOA 1
| #define HAVE_MEMSET 1
| #define HAVE_SELECT 1
| #define HAVE_SOCKET 1
| #define HAVE_STRERROR 1
| #define HAVE_STRLCPY 1
| #define WINVER 0x0501
| /* end confdefs.h.  */
| #include <stdio.h>
| #ifdef HAVE_SYS_TYPES_H
| # include <sys/types.h>
| #endif
| #ifdef HAVE_SYS_STAT_H
| # include <sys/stat.h>
| #endif
| #ifdef STDC_HEADERS
| # include <stdlib.h>
| # include <stddef.h>
| #else
| # ifdef HAVE_STDLIB_H
| #  include <stdlib.h>
| # endif
| #endif
| #ifdef HAVE_STRING_H
| # if !defined STDC_HEADERS && defined HAVE_MEMORY_H
| #  include <memory.h>
| # endif
| # include <string.h>
| #endif
| #ifdef HAVE_STRINGS_H
| # include <strings.h>
| #endif
| #ifdef HAVE_INTTYPES_H
| # include <inttypes.h>
| #endif
| #ifdef HAVE_STDINT_H
| # include <stdint.h>
| #endif
| #ifdef HAVE_UNISTD_H
| # include <unistd.h>
| #endif
| int
| main ()
| {
| if (sizeof ((ssize_t)))
| 	    return 0;
|   ;
|   return 0;
| }
configure:17579: result: yes
configure:17590: checking for uint16_t
configure:17590: gcc -c -g -O2  conftest.c >&5
configure:17590: $? = 0
configure:17590: result: yes
configure:17602: checking for uint32_t
configure:17602: gcc -c -g -O2  conftest.c >&5
configure:17602: $? = 0
configure:17602: result: yes
configure:17616: checking for uint8_t
configure:17616: gcc -c -g -O2  conftest.c >&5
configure:17616: $? = 0
configure:17616: result: yes
configure:17652: checking whether TIOCSRS485 is declared
configure:17652: gcc -c -g -O2  conftest.c >&5
conftest.c: In function 'main':
conftest.c:69:10: error: 'TIOCSRS485' undeclared (first use in this function); did you mean 'TIOCSBRK'?
   (void) TIOCSRS485;
          ^~~~~~~~~~
          TIOCSBRK
conftest.c:69:10: note: each undeclared identifier is reported only once for each function it appears in
configure:17652: $? = 1
configure: failed program was:
| /* confdefs.h */
| #define PACKAGE_NAME "libmodbus"
| #define PACKAGE_TARNAME "libmodbus"
| #define PACKAGE_VERSION "3.1.4"
| #define PACKAGE_STRING "libmodbus 3.1.4"
| #define PACKAGE_BUGREPORT "https://github.com/stephane/libmodbus/issues"
| #define PACKAGE_URL "http://libmodbus.org/"
| #define PACKAGE "libmodbus"
| #define VERSION "3.1.4"
| #define STDC_HEADERS 1
| #define HAVE_SYS_TYPES_H 1
| #define HAVE_SYS_STAT_H 1
| #define HAVE_STDLIB_H 1
| #define HAVE_STRING_H 1
| #define HAVE_MEMORY_H 1
| #define HAVE_STRINGS_H 1
| #define HAVE_INTTYPES_H 1
| #define HAVE_STDINT_H 1
| #define HAVE_UNISTD_H 1
| #define __EXTENSIONS__ 1
| #define _ALL_SOURCE 1
| #define _GNU_SOURCE 1
| #define _POSIX_PTHREAD_SEMANTICS 1
| #define _TANDEM_SOURCE 1
| #define HAVE_DLFCN_H 1
| #define LT_OBJDIR ".libs/"
| #define HAVE_ARPA_INET_H 1
| #define HAVE_BYTESWAP_H 1
| #define HAVE_ERRNO_H 1
| #define HAVE_FCNTL_H 1
| #define HAVE_LIMITS_H 1
| #define HAVE_NETDB_H 1
| #define HAVE_NETINET_IN_H 1
| #define HAVE_NETINET_TCP_H 1
| #define HAVE_SYS_IOCTL_H 1
| #define HAVE_SYS_SOCKET_H 1
| #define HAVE_SYS_TIME_H 1
| #define HAVE_SYS_TYPES_H 1
| #define HAVE_TERMIOS_H 1
| #define HAVE_TIME_H 1
| #define HAVE_UNISTD_H 1
| #define HAVE_DECL___CYGWIN__ 1
| #define HAVE_FORK 1
| #define HAVE_VFORK 1
| #define HAVE_WORKING_VFORK 1
| #define HAVE_WORKING_FORK 1
| #define HAVE_STDLIB_H 1
| #define HAVE_MALLOC 1
| #define HAVE_ACCEPT4 1
| #define HAVE_GETADDRINFO 1
| #define HAVE_GETTIMEOFDAY 1
| #define HAVE_INET_NTOA 1
| #define HAVE_MEMSET 1
| #define HAVE_SELECT 1
| #define HAVE_SOCKET 1
| #define HAVE_STRERROR 1
| #define HAVE_STRLCPY 1
| #define WINVER 0x0501
| /* end confdefs.h.  */
| #include <sys/ioctl.h>
| 
| int
| main ()
| {
| #ifndef TIOCSRS485
| #ifdef __cplusplus
|   (void) TIOCSRS485;
| #else
|   (void) TIOCSRS485;
| #endif
| #endif
| 
|   ;
|   return 0;
| }
configure:17652: result: no
configure:17665: checking whether TIOCM_RTS is declared
configure:17665: gcc -c -g -O2  conftest.c >&5
configure:17665: $? = 0
configure:17665: result: yes
configure:17818: checking that generated files are newer than configure
configure:17824: result: done
configure:17867: creating ./config.status

## ---------------------- ##
## Running config.status. ##
## ---------------------- ##

This file was extended by libmodbus config.status 3.1.4, which was
generated by GNU Autoconf 2.69.  Invocation command line was

  CONFIG_FILES    = 
  CONFIG_HEADERS  = 
  CONFIG_LINKS    = 
  CONFIG_COMMANDS = 
  $ ./config.status 

on 3wj20180630033

config.status:1231: creating Makefile
config.status:1231: creating src/Makefile
config.status:1231: creating src/modbus-version.h
config.status:1231: creating src/win32/modbus.dll.manifest
config.status:1231: creating tests/Makefile
config.status:1231: creating doc/Makefile
config.status:1231: creating libmodbus.pc
config.status:1231: creating config.h
config.status:1412: config.h is unchanged
config.status:1231: creating tests/unit-test.h
config.status:1412: tests/unit-test.h is unchanged
config.status:1460: executing depfiles commands
config.status:1460: executing libtool commands
configure:20303: result:
        libmodbus 3.1.4
        ===============

        prefix:                 /usr/local
        sysconfdir:             ${prefix}/etc
        libdir:                 ${exec_prefix}/lib
        includedir:             ${prefix}/include

        compiler:               gcc
        cflags:                 -g -O2
        ldflags:                

        documentation:          no
        tests:                  yes


## ---------------- ##
## Cache variables. ##
## ---------------- ##

ac_cv_build=x86_64-unknown-cygwin
ac_cv_c_compiler_gnu=yes
ac_cv_c_inline=inline
ac_cv_c_int64_t=yes
ac_cv_c_uint16_t=yes
ac_cv_c_uint32_t=yes
ac_cv_c_uint8_t=yes
ac_cv_cxx_compiler_gnu=yes
ac_cv_env_CCC_set=
ac_cv_env_CCC_value=
ac_cv_env_CC_set=
ac_cv_env_CC_value=
ac_cv_env_CFLAGS_set=
ac_cv_env_CFLAGS_value=
ac_cv_env_CPPFLAGS_set=
ac_cv_env_CPPFLAGS_value=
ac_cv_env_CPP_set=
ac_cv_env_CPP_value=
ac_cv_env_CXXCPP_set=
ac_cv_env_CXXCPP_value=
ac_cv_env_CXXFLAGS_set=
ac_cv_env_CXXFLAGS_value=
ac_cv_env_CXX_set=
ac_cv_env_CXX_value=
ac_cv_env_LDFLAGS_set=
ac_cv_env_LDFLAGS_value=
ac_cv_env_LIBS_set=
ac_cv_env_LIBS_value=
ac_cv_env_LT_SYS_LIBRARY_PATH_set=
ac_cv_env_LT_SYS_LIBRARY_PATH_value=
ac_cv_env_build_alias_set=
ac_cv_env_build_alias_value=
ac_cv_env_host_alias_set=
ac_cv_env_host_alias_value=
ac_cv_env_target_alias_set=
ac_cv_env_target_alias_value=
ac_cv_exeext=.exe
ac_cv_func_accept4=yes
ac_cv_func_fork=yes
ac_cv_func_fork_works=yes
ac_cv_func_getaddrinfo=yes
ac_cv_func_gettimeofday=yes
ac_cv_func_inet_ntoa=yes
ac_cv_func_malloc_0_nonnull=yes
ac_cv_func_memset=yes
ac_cv_func_select=yes
ac_cv_func_socket=yes
ac_cv_func_strerror=yes
ac_cv_func_strlcpy=yes
ac_cv_func_vfork=yes
ac_cv_func_vfork_works=yes
ac_cv_have_decl_TIOCM_RTS=yes
ac_cv_have_decl_TIOCSRS485=no
ac_cv_have_decl___CYGWIN__=yes
ac_cv_header_arpa_inet_h=yes
ac_cv_header_byteswap_h=yes
ac_cv_header_dlfcn_h=yes
ac_cv_header_errno_h=yes
ac_cv_header_fcntl_h=yes
ac_cv_header_inttypes_h=yes
ac_cv_header_limits_h=yes
ac_cv_header_linux_serial_h=no
ac_cv_header_memory_h=yes
ac_cv_header_minix_config_h=no
ac_cv_header_netdb_h=yes
ac_cv_header_netinet_in_h=yes
ac_cv_header_netinet_tcp_h=yes
ac_cv_header_stdc=yes
ac_cv_header_stdint_h=yes
ac_cv_header_stdlib_h=yes
ac_cv_header_string_h=yes
ac_cv_header_strings_h=yes
ac_cv_header_sys_ioctl_h=yes
ac_cv_header_sys_params_h=no
ac_cv_header_sys_socket_h=yes
ac_cv_header_sys_stat_h=yes
ac_cv_header_sys_time_h=yes
ac_cv_header_sys_types_h=yes
ac_cv_header_termios_h=yes
ac_cv_header_time_h=yes
ac_cv_header_unistd_h=yes
ac_cv_header_vfork_h=no
ac_cv_host=x86_64-unknown-cygwin
ac_cv_objext=o
ac_cv_path_EGREP='/usr/bin/grep -E'
ac_cv_path_FGREP='/usr/bin/grep -F'
ac_cv_path_GREP=/usr/bin/grep
ac_cv_path_SED=/usr/bin/sed
ac_cv_path_install='/usr/bin/install -c'
ac_cv_path_lt_DD=/usr/bin/dd
ac_cv_path_mkdir=/usr/bin/mkdir
ac_cv_prog_AWK=gawk
ac_cv_prog_CPP='gcc -E'
ac_cv_prog_CXXCPP='g++ -E'
ac_cv_prog_ac_ct_AR=ar
ac_cv_prog_ac_ct_AS=as
ac_cv_prog_ac_ct_CC=gcc
ac_cv_prog_ac_ct_CXX=g++
ac_cv_prog_ac_ct_DLLTOOL=dlltool
ac_cv_prog_ac_ct_OBJDUMP=objdump
ac_cv_prog_ac_ct_RANLIB=ranlib
ac_cv_prog_ac_ct_STRIP=strip
ac_cv_prog_ac_libmodbus_have_asciidoc=no
ac_cv_prog_ac_libmodbus_have_xmlto=no
ac_cv_prog_cc_c89=
ac_cv_prog_cc_c99=
ac_cv_prog_cc_g=yes
ac_cv_prog_cc_stdc=
ac_cv_prog_cxx_g=yes
ac_cv_prog_make_make_set=yes
ac_cv_safe_to_define___extensions__=yes
ac_cv_sys_file_offset_bits=no
ac_cv_sys_largefile_CC=no
ac_cv_type_pid_t=yes
ac_cv_type_size_t=yes
ac_cv_type_ssize_t=yes
am_cv_CC_dependencies_compiler_type=gcc3
am_cv_CXX_dependencies_compiler_type=gcc3
am_cv_make_support_nested_variables=yes
am_cv_prog_cc_c_o=yes
am_cv_prog_tar_pax=gnutar
lt_cv_ar_at_file=@
lt_cv_archive_cmds_need_lc=yes
lt_cv_deplibs_check_method='file_magic ^x86 archive import|^x86 DLL'
lt_cv_file_magic_cmd=func_win32_libid
lt_cv_file_magic_test_file=
lt_cv_ld_reload_flag=-r
lt_cv_nm_interface='BSD nm'
lt_cv_objdir=.libs
lt_cv_path_LD=/usr/x86_64-pc-cygwin/bin/ld.exe
lt_cv_path_LDCXX=/usr/x86_64-pc-cygwin/bin/ld.exe
lt_cv_path_NM='/usr/bin/nm -B'
lt_cv_path_mainfest_tool=no
lt_cv_prog_compiler_c_o=yes
lt_cv_prog_compiler_c_o_CXX=yes
lt_cv_prog_compiler_pic='-DDLL_EXPORT -DPIC'
lt_cv_prog_compiler_pic_CXX='-DDLL_EXPORT -DPIC'
lt_cv_prog_compiler_pic_works=yes
lt_cv_prog_compiler_pic_works_CXX=yes
lt_cv_prog_compiler_rtti_exceptions=no
lt_cv_prog_compiler_static_works=yes
lt_cv_prog_compiler_static_works_CXX=yes
lt_cv_prog_gnu_ld=yes
lt_cv_prog_gnu_ldcxx=yes
lt_cv_sharedlib_from_linklib_cmd=func_cygming_dll_for_implib
lt_cv_sys_global_symbol_pipe='sed -n -e '\''s/^.*[	 ]\([ABCDGIRSTW][ABCDGIRSTW]*\)[	 ][	 ]*\([_A-Za-z][_A-Za-z0-9]*\)$/\1 \2 \2/p'\'' | sed '\''/ __gnu_lto/d'\'''
lt_cv_sys_global_symbol_to_c_name_address='sed -n -e '\''s/^: \(.*\) .*$/  {"\1", (void *) 0},/p'\'' -e '\''s/^[ABCDGIRSTW][ABCDGIRSTW]* .* \(.*\)$/  {"\1", (void *) \&\1},/p'\'''
lt_cv_sys_global_symbol_to_c_name_address_lib_prefix='sed -n -e '\''s/^: \(.*\) .*$/  {"\1", (void *) 0},/p'\'' -e '\''s/^[ABCDGIRSTW][ABCDGIRSTW]* .* \(lib.*\)$/  {"\1", (void *) \&\1},/p'\'' -e '\''s/^[ABCDGIRSTW][ABCDGIRSTW]* .* \(.*\)$/  {"lib\1", (void *) \&\1},/p'\'''
lt_cv_sys_global_symbol_to_cdecl='sed -n -e '\''s/^T .* \(.*\)$/extern int \1();/p'\'' -e '\''s/^[ABCDGIRSTW][ABCDGIRSTW]* .* \(.*\)$/extern char \1;/p'\'''
lt_cv_sys_global_symbol_to_import=
lt_cv_sys_max_cmd_len=8192
lt_cv_to_host_file_cmd=func_convert_file_noop
lt_cv_to_tool_file_cmd=func_convert_file_noop
lt_cv_truncate_bin='/usr/bin/dd bs=4096 count=1'

## ----------------- ##
## Output variables. ##
## ----------------- ##

ACLOCAL='${SHELL} /home/lianggh/OpenPLC_v3/utils/libmodbus_src/build-aux/missing aclocal-1.15'
AMDEPBACKSLASH='\'
AMDEP_FALSE='#'
AMDEP_TRUE=''
AMTAR='$${TAR-tar}'
AM_BACKSLASH='\'
AM_DEFAULT_V='$(AM_DEFAULT_VERBOSITY)'
AM_DEFAULT_VERBOSITY='0'
AM_V='$(V)'
AR='ar'
AS='as'
AUTOCONF='${SHELL} /home/lianggh/OpenPLC_v3/utils/libmodbus_src/build-aux/missing autoconf'
AUTOHEADER='${SHELL} /home/lianggh/OpenPLC_v3/utils/libmodbus_src/build-aux/missing autoheader'
AUTOMAKE='${SHELL} /home/lianggh/OpenPLC_v3/utils/libmodbus_src/build-aux/missing automake-1.15'
AWK='gawk'
BUILD_DOC_FALSE=''
BUILD_DOC_TRUE='#'
BUILD_TESTS_FALSE='#'
BUILD_TESTS_TRUE=''
CC='gcc'
CCDEPMODE='depmode=gcc3'
CFLAGS='-g -O2'
CPP='gcc -E'
CPPFLAGS=''
CXX='g++'
CXXCPP='g++ -E'
CXXDEPMODE='depmode=gcc3'
CXXFLAGS='-g -O2'
CYGPATH_W='cygpath -w'
DEFS='-DHAVE_CONFIG_H'
DEPDIR='.deps'
DLLTOOL='dlltool'
DSYMUTIL=''
DUMPBIN=''
ECHO_C=''
ECHO_N='-n'
ECHO_T=''
EGREP='/usr/bin/grep -E'
EXEEXT='.exe'
FGREP='/usr/bin/grep -F'
GREP='/usr/bin/grep'
INSTALL_DATA='${INSTALL} -m 644'
INSTALL_PROGRAM='${INSTALL}'
INSTALL_SCRIPT='${INSTALL}'
INSTALL_STRIP_PROGRAM='$(install_sh) -c -s'
LD='/usr/x86_64-pc-cygwin/bin/ld.exe'
LDFLAGS=''
LIBMODBUS_LT_VERSION_INFO='6:0:1'
LIBMODBUS_VERSION='3.1.4'
LIBMODBUS_VERSION_MAJOR='3'
LIBMODBUS_VERSION_MICRO='4'
LIBMODBUS_VERSION_MINOR='1'
LIBOBJS=''
LIBS=''
LIBTOOL='$(SHELL) $(top_builddir)/libtool'
LIPO=''
LN_S='ln -s'
LTLIBOBJS=''
LT_SYS_LIBRARY_PATH=''
MAKEINFO='${SHELL} /home/lianggh/OpenPLC_v3/utils/libmodbus_src/build-aux/missing makeinfo'
MANIFEST_TOOL=':'
MKDIR_P='/usr/bin/mkdir -p'
NM='/usr/bin/nm -B'
NMEDIT=''
OBJDUMP='objdump'
OBJEXT='o'
OS_QNX_FALSE=''
OS_QNX_TRUE='#'
OS_WIN32_FALSE=''
OS_WIN32_TRUE='#'
OTOOL64=''
OTOOL=''
PACKAGE='libmodbus'
PACKAGE_BUGREPORT='https://github.com/stephane/libmodbus/issues'
PACKAGE_NAME='libmodbus'
PACKAGE_STRING='libmodbus 3.1.4'
PACKAGE_TARNAME='libmodbus'
PACKAGE_URL='http://libmodbus.org/'
PACKAGE_VERSION='3.1.4'
PATH_SEPARATOR=':'
RANLIB='ranlib'
SED='/usr/bin/sed'
SET_MAKE=''
SHELL='/bin/sh'
STRIP='strip'
VERSION='3.1.4'
ac_ct_AR='ar'
ac_ct_CC='gcc'
ac_ct_CXX='g++'
ac_ct_DUMPBIN=''
ac_libmodbus_have_asciidoc='no'
ac_libmodbus_have_xmlto='no'
am__EXEEXT_FALSE='#'
am__EXEEXT_TRUE=''
am__fastdepCC_FALSE='#'
am__fastdepCC_TRUE=''
am__fastdepCXX_FALSE='#'
am__fastdepCXX_TRUE=''
am__include='include'
am__isrc=''
am__leading_dot='.'
am__nodep='_no'
am__quote=''
am__tar='tar --format=posix -chf - "$$tardir"'
am__untar='tar -xf -'
bindir='${exec_prefix}/bin'
build='x86_64-unknown-cygwin'
build_alias=''
build_cpu='x86_64'
build_os='cygwin'
build_vendor='unknown'
datadir='${datarootdir}'
datarootdir='${prefix}/share'
docdir='${datarootdir}/doc/${PACKAGE_TARNAME}'
dvidir='${docdir}'
exec_prefix='${prefix}'
host='x86_64-unknown-cygwin'
host_alias=''
host_cpu='x86_64'
host_os='cygwin'
host_vendor='unknown'
htmldir='${docdir}'
includedir='${prefix}/include'
infodir='${datarootdir}/info'
install_sh='${SHELL} /home/lianggh/OpenPLC_v3/utils/libmodbus_src/build-aux/install-sh'
libdir='${exec_prefix}/lib'
libexecdir='${exec_prefix}/libexec'
localedir='${datarootdir}/locale'
localstatedir='${prefix}/var'
mandir='${datarootdir}/man'
mkdir_p='$(MKDIR_P)'
my_CFLAGS='-Wall -Wmissing-declarations -Wmissing-prototypes -Wnested-externs -Wpointer-arith -Wpointer-arith -Wsign-compare -Wchar-subscripts -Wstrict-prototypes -Wshadow -Wformat-security'
oldincludedir='/usr/include'
pdfdir='${docdir}'
prefix='/usr/local'
program_transform_name='s,x,x,'
psdir='${docdir}'
sbindir='${exec_prefix}/sbin'
sharedstatedir='${prefix}/com'
sysconfdir='${prefix}/etc'
target_alias=''

## ----------- ##
## confdefs.h. ##
## ----------- ##

/* confdefs.h */
#define PACKAGE_NAME "libmodbus"
#define PACKAGE_TARNAME "libmodbus"
#define PACKAGE_VERSION "3.1.4"
#define PACKAGE_STRING "libmodbus 3.1.4"
#define PACKAGE_BUGREPORT "https://github.com/stephane/libmodbus/issues"
#define PACKAGE_URL "http://libmodbus.org/"
#define PACKAGE "libmodbus"
#define VERSION "3.1.4"
#define STDC_HEADERS 1
#define HAVE_SYS_TYPES_H 1
#define HAVE_SYS_STAT_H 1
#define HAVE_STDLIB_H 1
#define HAVE_STRING_H 1
#define HAVE_MEMORY_H 1
#define HAVE_STRINGS_H 1
#define HAVE_INTTYPES_H 1
#define HAVE_STDINT_H 1
#define HAVE_UNISTD_H 1
#define __EXTENSIONS__ 1
#define _ALL_SOURCE 1
#define _GNU_SOURCE 1
#define _POSIX_PTHREAD_SEMANTICS 1
#define _TANDEM_SOURCE 1
#define HAVE_DLFCN_H 1
#define LT_OBJDIR ".libs/"
#define HAVE_ARPA_INET_H 1
#define HAVE_BYTESWAP_H 1
#define HAVE_ERRNO_H 1
#define HAVE_FCNTL_H 1
#define HAVE_LIMITS_H 1
#define HAVE_NETDB_H 1
#define HAVE_NETINET_IN_H 1
#define HAVE_NETINET_TCP_H 1
#define HAVE_SYS_IOCTL_H 1
#define HAVE_SYS_SOCKET_H 1
#define HAVE_SYS_TIME_H 1
#define HAVE_SYS_TYPES_H 1
#define HAVE_TERMIOS_H 1
#define HAVE_TIME_H 1
#define HAVE_UNISTD_H 1
#define HAVE_DECL___CYGWIN__ 1
#define HAVE_FORK 1
#define HAVE_VFORK 1
#define HAVE_WORKING_VFORK 1
#define HAVE_WORKING_FORK 1
#define HAVE_STDLIB_H 1
#define HAVE_MALLOC 1
#define HAVE_ACCEPT4 1
#define HAVE_GETADDRINFO 1
#define HAVE_GETTIMEOFDAY 1
#define HAVE_INET_NTOA 1
#define HAVE_MEMSET 1
#define HAVE_SELECT 1
#define HAVE_SOCKET 1
#define HAVE_STRERROR 1
#define HAVE_STRLCPY 1
#define WINVER 0x0501
#define HAVE_DECL_TIOCSRS485 0
#define HAVE_DECL_TIOCM_RTS 1

configure: exit 0
