c:\users\lianggh\openplc\runtime\home\lianggh\openplc_v3\utils\libmodbus_src\src\win32\debug\vc140.pdb
c:\users\lianggh\openplc\runtime\home\lianggh\openplc_v3\utils\libmodbus_src\src\win32\debug\modbus.obj
c:\users\lianggh\openplc\runtime\home\lianggh\openplc_v3\utils\libmodbus_src\src\win32\debug\modbus-tcp.obj
c:\users\lianggh\openplc\runtime\home\lianggh\openplc_v3\utils\libmodbus_src\src\win32\debug\modbus-rtu.obj
c:\users\lianggh\openplc\runtime\home\lianggh\openplc_v3\utils\libmodbus_src\src\win32\debug\modbus-data.obj
c:\users\lianggh\openplc\runtime\home\lianggh\openplc_v3\utils\libmodbus_src\src\win32\modbus.dll
c:\users\lianggh\openplc\runtime\home\lianggh\openplc_v3\utils\libmodbus_src\src\win32\modbus.map
c:\users\lianggh\openplc\runtime\home\lianggh\openplc_v3\utils\libmodbus_src\src\win32\modbus.pdb
c:\users\lianggh\openplc\runtime\home\lianggh\openplc_v3\utils\libmodbus_src\src\win32\modbus.lib
c:\users\lianggh\openplc\runtime\home\lianggh\openplc_v3\utils\libmodbus_src\src\win32\modbus.exp
c:\users\lianggh\openplc\runtime\home\lianggh\openplc_v3\utils\libmodbus_src\src\win32\modbus.res
c:\users\lianggh\openplc\runtime\home\lianggh\openplc_v3\utils\libmodbus_src\src\win32\debug\modbus.tlog\cl.command.1.tlog
c:\users\lianggh\openplc\runtime\home\lianggh\openplc_v3\utils\libmodbus_src\src\win32\debug\modbus.tlog\cl.read.1.tlog
c:\users\lianggh\openplc\runtime\home\lianggh\openplc_v3\utils\libmodbus_src\src\win32\debug\modbus.tlog\cl.write.1.tlog
c:\users\lianggh\openplc\runtime\home\lianggh\openplc_v3\utils\libmodbus_src\src\win32\debug\modbus.tlog\link.command.1.tlog
c:\users\lianggh\openplc\runtime\home\lianggh\openplc_v3\utils\libmodbus_src\src\win32\debug\modbus.tlog\link.read.1.tlog
c:\users\lianggh\openplc\runtime\home\lianggh\openplc_v3\utils\libmodbus_src\src\win32\debug\modbus.tlog\link.write.1.tlog
c:\users\lianggh\openplc\runtime\home\lianggh\openplc_v3\utils\libmodbus_src\src\win32\debug\modbus.tlog\modbus.write.1u.tlog
c:\users\lianggh\openplc\runtime\home\lianggh\openplc_v3\utils\libmodbus_src\src\win32\debug\modbus.tlog\rc.command.1.tlog
c:\users\lianggh\openplc\runtime\home\lianggh\openplc_v3\utils\libmodbus_src\src\win32\debug\modbus.tlog\rc.read.1.tlog
c:\users\lianggh\openplc\runtime\home\lianggh\openplc_v3\utils\libmodbus_src\src\win32\debug\modbus.tlog\rc.write.1.tlog
